<?xml version="1.0" encoding="UTF-8"?>
<!-- Generated by org.testng.reporters.JUnitXMLReporter -->
<testsuite ignored="0" hostname="ThinkpadT430-PC" failures="0" tests="3" name="Default test" time="41.439" errors="0" timestamp="2020-06-06T13:54:02 EDT">
  <testcase classname="tests.LoginTest" name="loginWithEmptyEmailTest" time="2.365"/>
  <testcase classname="tests.LoginTest" name="loginWithWrongEmailTest" time="2.371"/>
  <testcase classname="tests.LoginTest" name="loginWithWrongPasswordTest" time="8.126"/>
</testsuite> <!-- Default test -->
