<?xml version="1.0" encoding="UTF-8"?>
<!-- Generated by org.testng.reporters.JUnitXMLReporter -->
<testsuite ignored="0" hostname="ThinkpadT430-PC" failures="0" tests="3" name="Test" time="36.906" errors="0" timestamp="06 Jun 2020 18:06:41 GMT">
  <testcase classname="tests.LoginTest" name="loginWithEmptyEmailTest" time="2.322"/>
  <testcase classname="tests.LoginTest" name="loginWithWrongEmailTest" time="2.333"/>
  <testcase classname="tests.LoginTest" name="loginWithWrongPasswordTest" time="6.855"/>
</testsuite> <!-- Test -->
